app/build/intermediates/manifest_merge_blame_file/debug/manifest-merger-blame-debug-report.txt
1<?xml version="1.0" encoding="utf-8"?>
2<manifest xmlns:android="http://schemas.android.com/apk/res/android"
3    package="com.samsung.android.eventsmonitor"
4    android:versionCode="1"
5    android:versionName="1.0" >
6
7    <uses-sdk
8        android:minSdkVersion="30"
8-->src/main/AndroidManifest.xml
9        android:targetSdkVersion="33" />
9-->src/main/AndroidManifest.xml
10
11    <uses-permission android:name="android.permission.WAKE_LOCK" />
11-->src/main/AndroidManifest.xml:5:5-68
11-->src/main/AndroidManifest.xml:5:22-65
12
13    <uses-feature android:name="android.hardware.type.watch" />
13-->src/main/AndroidManifest.xml:7:5-64
13-->src/main/AndroidManifest.xml:7:19-61
14
15    <!-- Needed in order to re-register for data on device startup. -->
16    <uses-permission android:name="android.permission.ACTIVITY_RECOGNITION" />
16-->src/main/AndroidManifest.xml:10:5-79
16-->src/main/AndroidManifest.xml:10:22-76
17    <uses-permission android:name="android.permission.RECEIVE_BOOT_COMPLETED" />
17-->src/main/AndroidManifest.xml:11:5-81
17-->src/main/AndroidManifest.xml:11:22-78
18    <uses-permission android:name="android.permission.FOREGROUND_SERVICE" />
18-->src/main/AndroidManifest.xml:12:5-77
18-->src/main/AndroidManifest.xml:12:22-74
19
20    <queries>
20-->src/main/AndroidManifest.xml:14:5-16:15
21        <package android:name="com.google.android.wearable.healthservices" />
21-->src/main/AndroidManifest.xml:15:9-78
21-->src/main/AndroidManifest.xml:15:18-75
22    </queries>
23
24    <uses-permission android:name="android.permission.ACCESS_NETWORK_STATE" />
24-->[androidx.work:work-runtime:2.7.1] AndroidManifest.xml:26:5-79
24-->[androidx.work:work-runtime:2.7.1] AndroidManifest.xml:26:22-76
25
26    <permission
26-->[androidx.core:core:1.9.0] AndroidManifest.xml:22:5-24:47
27        android:name="com.samsung.android.eventsmonitor.DYNAMIC_RECEIVER_NOT_EXPORTED_PERMISSION"
27-->[androidx.core:core:1.9.0] AndroidManifest.xml:23:9-81
28        android:protectionLevel="signature" />
28-->[androidx.core:core:1.9.0] AndroidManifest.xml:24:9-44
29
30    <uses-permission android:name="com.samsung.android.eventsmonitor.DYNAMIC_RECEIVER_NOT_EXPORTED_PERMISSION" />
30-->[androidx.core:core:1.9.0] AndroidManifest.xml:26:5-97
30-->[androidx.core:core:1.9.0] AndroidManifest.xml:26:22-94
31
32    <application
32-->src/main/AndroidManifest.xml:18:5-73:19
33        android:allowBackup="true"
33-->src/main/AndroidManifest.xml:19:9-35
34        android:appComponentFactory="androidx.core.app.CoreComponentFactory"
34-->[androidx.core:core:1.9.0] AndroidManifest.xml:28:18-86
35        android:debuggable="true"
36        android:extractNativeLibs="false"
37        android:icon="@drawable/ic_launcher"
37-->src/main/AndroidManifest.xml:20:9-45
38        android:label="@string/app_name"
38-->src/main/AndroidManifest.xml:21:9-41
39        android:supportsRtl="true"
39-->src/main/AndroidManifest.xml:22:9-35
40        android:testOnly="true"
41        android:theme="@style/Theme.MaterialComponents.NoActionBar" >
41-->src/main/AndroidManifest.xml:23:9-68
42        <uses-library
42-->src/main/AndroidManifest.xml:24:9-26:39
43            android:name="com.google.android.wearable"
43-->src/main/AndroidManifest.xml:25:13-55
44            android:required="true" />
44-->src/main/AndroidManifest.xml:26:13-36
45
46        <!--
47               Set to true if your app is Standalone, that is, it does not require the handheld
48               app to run.
49        -->
50        <meta-data
50-->src/main/AndroidManifest.xml:32:9-34:36
51            android:name="com.google.android.wearable.standalone"
51-->src/main/AndroidManifest.xml:33:13-66
52            android:value="true" />
52-->src/main/AndroidManifest.xml:34:13-33
53
54        <activity
54-->src/main/AndroidManifest.xml:36:9-43:20
55            android:name="com.samsung.android.eventsmonitor.MainActivity"
55-->src/main/AndroidManifest.xml:37:13-41
56            android:exported="true" >
56-->src/main/AndroidManifest.xml:38:13-36
57            <intent-filter>
57-->src/main/AndroidManifest.xml:39:13-42:29
58                <action android:name="android.intent.action.MAIN" />
58-->src/main/AndroidManifest.xml:40:17-69
58-->src/main/AndroidManifest.xml:40:25-66
59
60                <category android:name="android.intent.category.LAUNCHER" />
60-->src/main/AndroidManifest.xml:41:17-77
60-->src/main/AndroidManifest.xml:41:27-74
61            </intent-filter>
62        </activity>
63
64        <service
64-->src/main/AndroidManifest.xml:45:9-48:111
65            android:name="com.samsung.android.eventsmonitor.PassiveHealthEventService"
65-->src/main/AndroidManifest.xml:46:13-54
66            android:exported="true"
66-->src/main/AndroidManifest.xml:47:13-36
67            android:permission="com.google.android.wearable.healthservices.permission.PASSIVE_DATA_BINDING" />
67-->src/main/AndroidManifest.xml:48:13-108
68
69        <!-- Receiver that re-registers for background data after a device restart. -->
70        <receiver
70-->src/main/AndroidManifest.xml:51:9-57:20
71            android:name="com.samsung.android.eventsmonitor.StartupReceiver"
71-->src/main/AndroidManifest.xml:52:13-44
72            android:exported="true" >
72-->src/main/AndroidManifest.xml:53:13-36
73            <intent-filter>
73-->src/main/AndroidManifest.xml:54:13-56:29
74                <action android:name="android.intent.action.BOOT_COMPLETED" />
74-->src/main/AndroidManifest.xml:55:17-79
74-->src/main/AndroidManifest.xml:55:25-76
75            </intent-filter>
76        </receiver>
77
78        <!--
79             Our application implements Configuration.Provider, so we don't need this to initialize
80             WorkManager.
81        -->
82        <provider
83            android:name="androidx.startup.InitializationProvider"
83-->src/main/AndroidManifest.xml:63:13-67
84            android:authorities="com.samsung.android.eventsmonitor.androidx-startup"
84-->src/main/AndroidManifest.xml:64:13-68
85            android:exported="false" >
85-->src/main/AndroidManifest.xml:65:13-37
86            <meta-data
86-->[androidx.emoji2:emoji2:1.2.0] AndroidManifest.xml:29:13-31:52
87                android:name="androidx.emoji2.text.EmojiCompatInitializer"
87-->[androidx.emoji2:emoji2:1.2.0] AndroidManifest.xml:30:17-75
88                android:value="androidx.startup" />
88-->[androidx.emoji2:emoji2:1.2.0] AndroidManifest.xml:31:17-49
89            <meta-data
89-->[androidx.lifecycle:lifecycle-process:2.4.1] AndroidManifest.xml:31:13-33:52
90                android:name="androidx.lifecycle.ProcessLifecycleInitializer"
90-->[androidx.lifecycle:lifecycle-process:2.4.1] AndroidManifest.xml:32:17-78
91                android:value="androidx.startup" />
91-->[androidx.lifecycle:lifecycle-process:2.4.1] AndroidManifest.xml:33:17-49
92        </provider>
93
94        <activity
94-->[com.google.android.gms:play-services-base:18.0.1] AndroidManifest.xml:20:9-22:45
95            android:name="com.google.android.gms.common.api.GoogleApiActivity"
95-->[com.google.android.gms:play-services-base:18.0.1] AndroidManifest.xml:20:19-85
96            android:exported="false"
96-->[com.google.android.gms:play-services-base:18.0.1] AndroidManifest.xml:22:19-43
97            android:theme="@android:style/Theme.Translucent.NoTitleBar" />
97-->[com.google.android.gms:play-services-base:18.0.1] AndroidManifest.xml:21:19-78
98
99        <meta-data
99-->[com.google.android.gms:play-services-basement:18.0.0] AndroidManifest.xml:21:9-23:69
100            android:name="com.google.android.gms.version"
100-->[com.google.android.gms:play-services-basement:18.0.0] AndroidManifest.xml:22:13-58
101            android:value="@integer/google_play_services_version" />
101-->[com.google.android.gms:play-services-basement:18.0.0] AndroidManifest.xml:23:13-66
102
103        <service
103-->[androidx.health:health-services-client:1.0.0-beta01] AndroidManifest.xml:24:9-31:19
104            android:name="androidx.health.services.client.VersionApiService"
104-->[androidx.health:health-services-client:1.0.0-beta01] AndroidManifest.xml:25:13-77
105            android:exported="true"
105-->[androidx.health:health-services-client:1.0.0-beta01] AndroidManifest.xml:26:13-36
106            android:permission="com.google.android.wearable.healthservices.permission.PASSIVE_DATA_BINDING" >
106-->[androidx.health:health-services-client:1.0.0-beta01] AndroidManifest.xml:27:13-108
107            <intent-filter>
107-->[androidx.health:health-services-client:1.0.0-beta01] AndroidManifest.xml:28:13-30:29
108                <action android:name="hs.versionclient.BIND" />
108-->[androidx.health:health-services-client:1.0.0-beta01] AndroidManifest.xml:29:17-64
108-->[androidx.health:health-services-client:1.0.0-beta01] AndroidManifest.xml:29:25-61
109            </intent-filter>
110        </service>
111        <service
111-->[androidx.work:work-runtime:2.7.1] AndroidManifest.xml:41:9-46:35
112            android:name="androidx.work.impl.background.systemalarm.SystemAlarmService"
112-->[androidx.work:work-runtime:2.7.1] AndroidManifest.xml:42:13-88
113            android:directBootAware="false"
113-->[androidx.work:work-runtime:2.7.1] AndroidManifest.xml:43:13-44
114            android:enabled="@bool/enable_system_alarm_service_default"
114-->[androidx.work:work-runtime:2.7.1] AndroidManifest.xml:44:13-72
115            android:exported="false" />
115-->[androidx.work:work-runtime:2.7.1] AndroidManifest.xml:45:13-37
116        <service
116-->[androidx.work:work-runtime:2.7.1] AndroidManifest.xml:47:9-53:35
117            android:name="androidx.work.impl.background.systemjob.SystemJobService"
117-->[androidx.work:work-runtime:2.7.1] AndroidManifest.xml:48:13-84
118            android:directBootAware="false"
118-->[androidx.work:work-runtime:2.7.1] AndroidManifest.xml:49:13-44
119            android:enabled="@bool/enable_system_job_service_default"
119-->[androidx.work:work-runtime:2.7.1] AndroidManifest.xml:50:13-70
120            android:exported="true"
120-->[androidx.work:work-runtime:2.7.1] AndroidManifest.xml:51:13-36
121            android:permission="android.permission.BIND_JOB_SERVICE" />
121-->[androidx.work:work-runtime:2.7.1] AndroidManifest.xml:52:13-69
122        <service
122-->[androidx.work:work-runtime:2.7.1] AndroidManifest.xml:54:9-59:35
123            android:name="androidx.work.impl.foreground.SystemForegroundService"
123-->[androidx.work:work-runtime:2.7.1] AndroidManifest.xml:55:13-81
124            android:directBootAware="false"
124-->[androidx.work:work-runtime:2.7.1] AndroidManifest.xml:56:13-44
125            android:enabled="@bool/enable_system_foreground_service_default"
125-->[androidx.work:work-runtime:2.7.1] AndroidManifest.xml:57:13-77
126            android:exported="false" />
126-->[androidx.work:work-runtime:2.7.1] AndroidManifest.xml:58:13-37
127
128        <receiver
128-->[androidx.work:work-runtime:2.7.1] AndroidManifest.xml:61:9-66:35
129            android:name="androidx.work.impl.utils.ForceStopRunnable$BroadcastReceiver"
129-->[androidx.work:work-runtime:2.7.1] AndroidManifest.xml:62:13-88
130            android:directBootAware="false"
130-->[androidx.work:work-runtime:2.7.1] AndroidManifest.xml:63:13-44
131            android:enabled="true"
131-->[androidx.work:work-runtime:2.7.1] AndroidManifest.xml:64:13-35
132            android:exported="false" />
132-->[androidx.work:work-runtime:2.7.1] AndroidManifest.xml:65:13-37
133        <receiver
133-->[androidx.work:work-runtime:2.7.1] AndroidManifest.xml:67:9-77:20
134            android:name="androidx.work.impl.background.systemalarm.ConstraintProxy$BatteryChargingProxy"
134-->[androidx.work:work-runtime:2.7.1] AndroidManifest.xml:68:13-106
135            android:directBootAware="false"
135-->[androidx.work:work-runtime:2.7.1] AndroidManifest.xml:69:13-44
136            android:enabled="false"
136-->[androidx.work:work-runtime:2.7.1] AndroidManifest.xml:70:13-36
137            android:exported="false" >
137-->[androidx.work:work-runtime:2.7.1] AndroidManifest.xml:71:13-37
138            <intent-filter>
138-->[androidx.work:work-runtime:2.7.1] AndroidManifest.xml:73:13-76:29
139                <action android:name="android.intent.action.ACTION_POWER_CONNECTED" />
139-->[androidx.work:work-runtime:2.7.1] AndroidManifest.xml:74:17-87
139-->[androidx.work:work-runtime:2.7.1] AndroidManifest.xml:74:25-84
140                <action android:name="android.intent.action.ACTION_POWER_DISCONNECTED" />
140-->[androidx.work:work-runtime:2.7.1] AndroidManifest.xml:75:17-90
140-->[androidx.work:work-runtime:2.7.1] AndroidManifest.xml:75:25-87
141            </intent-filter>
142        </receiver>
143        <receiver
143-->[androidx.work:work-runtime:2.7.1] AndroidManifest.xml:78:9-88:20
144            android:name="androidx.work.impl.background.systemalarm.ConstraintProxy$BatteryNotLowProxy"
144-->[androidx.work:work-runtime:2.7.1] AndroidManifest.xml:79:13-104
145            android:directBootAware="false"
145-->[androidx.work:work-runtime:2.7.1] AndroidManifest.xml:80:13-44
146            android:enabled="false"
146-->[androidx.work:work-runtime:2.7.1] AndroidManifest.xml:81:13-36
147            android:exported="false" >
147-->[androidx.work:work-runtime:2.7.1] AndroidManifest.xml:82:13-37
148            <intent-filter>
148-->[androidx.work:work-runtime:2.7.1] AndroidManifest.xml:84:13-87:29
149                <action android:name="android.intent.action.BATTERY_OKAY" />
149-->[androidx.work:work-runtime:2.7.1] AndroidManifest.xml:85:17-77
149-->[androidx.work:work-runtime:2.7.1] AndroidManifest.xml:85:25-74
150                <action android:name="android.intent.action.BATTERY_LOW" />
150-->[androidx.work:work-runtime:2.7.1] AndroidManifest.xml:86:17-76
150-->[androidx.work:work-runtime:2.7.1] AndroidManifest.xml:86:25-73
151            </intent-filter>
152        </receiver>
153        <receiver
153-->[androidx.work:work-runtime:2.7.1] AndroidManifest.xml:89:9-99:20
154            android:name="androidx.work.impl.background.systemalarm.ConstraintProxy$StorageNotLowProxy"
154-->[androidx.work:work-runtime:2.7.1] AndroidManifest.xml:90:13-104
155            android:directBootAware="false"
155-->[androidx.work:work-runtime:2.7.1] AndroidManifest.xml:91:13-44
156            android:enabled="false"
156-->[androidx.work:work-runtime:2.7.1] AndroidManifest.xml:92:13-36
157            android:exported="false" >
157-->[androidx.work:work-runtime:2.7.1] AndroidManifest.xml:93:13-37
158            <intent-filter>
158-->[androidx.work:work-runtime:2.7.1] AndroidManifest.xml:95:13-98:29
159                <action android:name="android.intent.action.DEVICE_STORAGE_LOW" />
159-->[androidx.work:work-runtime:2.7.1] AndroidManifest.xml:96:17-83
159-->[androidx.work:work-runtime:2.7.1] AndroidManifest.xml:96:25-80
160                <action android:name="android.intent.action.DEVICE_STORAGE_OK" />
160-->[androidx.work:work-runtime:2.7.1] AndroidManifest.xml:97:17-82
160-->[androidx.work:work-runtime:2.7.1] AndroidManifest.xml:97:25-79
161            </intent-filter>
162        </receiver>
163        <receiver
163-->[androidx.work:work-runtime:2.7.1] AndroidManifest.xml:100:9-109:20
164            android:name="androidx.work.impl.background.systemalarm.ConstraintProxy$NetworkStateProxy"
164-->[androidx.work:work-runtime:2.7.1] AndroidManifest.xml:101:13-103
165            android:directBootAware="false"
165-->[androidx.work:work-runtime:2.7.1] AndroidManifest.xml:102:13-44
166            android:enabled="false"
166-->[androidx.work:work-runtime:2.7.1] AndroidManifest.xml:103:13-36
167            android:exported="false" >
167-->[androidx.work:work-runtime:2.7.1] AndroidManifest.xml:104:13-37
168            <intent-filter>
168-->[androidx.work:work-runtime:2.7.1] AndroidManifest.xml:106:13-108:29
169                <action android:name="android.net.conn.CONNECTIVITY_CHANGE" />
169-->[androidx.work:work-runtime:2.7.1] AndroidManifest.xml:107:17-79
169-->[androidx.work:work-runtime:2.7.1] AndroidManifest.xml:107:25-76
170            </intent-filter>
171        </receiver>
172        <receiver
172-->[androidx.work:work-runtime:2.7.1] AndroidManifest.xml:110:9-121:20
173            android:name="androidx.work.impl.background.systemalarm.RescheduleReceiver"
173-->[androidx.work:work-runtime:2.7.1] AndroidManifest.xml:111:13-88
174            android:directBootAware="false"
174-->[androidx.work:work-runtime:2.7.1] AndroidManifest.xml:112:13-44
175            android:enabled="false"
175-->[androidx.work:work-runtime:2.7.1] AndroidManifest.xml:113:13-36
176            android:exported="false" >
176-->[androidx.work:work-runtime:2.7.1] AndroidManifest.xml:114:13-37
177            <intent-filter>
177-->[androidx.work:work-runtime:2.7.1] AndroidManifest.xml:116:13-120:29
178                <action android:name="android.intent.action.BOOT_COMPLETED" />
178-->src/main/AndroidManifest.xml:55:17-79
178-->src/main/AndroidManifest.xml:55:25-76
179                <action android:name="android.intent.action.TIME_SET" />
179-->[androidx.work:work-runtime:2.7.1] AndroidManifest.xml:118:17-73
179-->[androidx.work:work-runtime:2.7.1] AndroidManifest.xml:118:25-70
180                <action android:name="android.intent.action.TIMEZONE_CHANGED" />
180-->[androidx.work:work-runtime:2.7.1] AndroidManifest.xml:119:17-81
180-->[androidx.work:work-runtime:2.7.1] AndroidManifest.xml:119:25-78
181            </intent-filter>
182        </receiver>
183        <receiver
183-->[androidx.work:work-runtime:2.7.1] AndroidManifest.xml:122:9-131:20
184            android:name="androidx.work.impl.background.systemalarm.ConstraintProxyUpdateReceiver"
184-->[androidx.work:work-runtime:2.7.1] AndroidManifest.xml:123:13-99
185            android:directBootAware="false"
185-->[androidx.work:work-runtime:2.7.1] AndroidManifest.xml:124:13-44
186            android:enabled="@bool/enable_system_alarm_service_default"
186-->[androidx.work:work-runtime:2.7.1] AndroidManifest.xml:125:13-72
187            android:exported="false" >
187-->[androidx.work:work-runtime:2.7.1] AndroidManifest.xml:126:13-37
188            <intent-filter>
188-->[androidx.work:work-runtime:2.7.1] AndroidManifest.xml:128:13-130:29
189                <action android:name="androidx.work.impl.background.systemalarm.UpdateProxies" />
189-->[androidx.work:work-runtime:2.7.1] AndroidManifest.xml:129:17-98
189-->[androidx.work:work-runtime:2.7.1] AndroidManifest.xml:129:25-95
190            </intent-filter>
191        </receiver>
192        <receiver
192-->[androidx.work:work-runtime:2.7.1] AndroidManifest.xml:132:9-142:20
193            android:name="androidx.work.impl.diagnostics.DiagnosticsReceiver"
193-->[androidx.work:work-runtime:2.7.1] AndroidManifest.xml:133:13-78
194            android:directBootAware="false"
194-->[androidx.work:work-runtime:2.7.1] AndroidManifest.xml:134:13-44
195            android:enabled="true"
195-->[androidx.work:work-runtime:2.7.1] AndroidManifest.xml:135:13-35
196            android:exported="true"
196-->[androidx.work:work-runtime:2.7.1] AndroidManifest.xml:136:13-36
197            android:permission="android.permission.DUMP" >
197-->[androidx.work:work-runtime:2.7.1] AndroidManifest.xml:137:13-57
198            <intent-filter>
198-->[androidx.work:work-runtime:2.7.1] AndroidManifest.xml:139:13-141:29
199                <action android:name="androidx.work.diagnostics.REQUEST_DIAGNOSTICS" />
199-->[androidx.work:work-runtime:2.7.1] AndroidManifest.xml:140:17-88
199-->[androidx.work:work-runtime:2.7.1] AndroidManifest.xml:140:25-85
200            </intent-filter>
201        </receiver>
202
203        <service
203-->[androidx.room:room-runtime:2.2.5] AndroidManifest.xml:25:9-28:40
204            android:name="androidx.room.MultiInstanceInvalidationService"
204-->[androidx.room:room-runtime:2.2.5] AndroidManifest.xml:26:13-74
205            android:directBootAware="true"
205-->[androidx.room:room-runtime:2.2.5] AndroidManifest.xml:27:13-43
206            android:exported="false" />
206-->[androidx.room:room-runtime:2.2.5] AndroidManifest.xml:28:13-37
207    </application>
208
209</manifest>